14/02/2025 01:55:40 PM : root         : INFO     :  ******** Portal_Login_Page (Order - 1) Begin ********
14/02/2025 01:55:40 PM : root         : INFO     : ********** TC_Portal_Login_01 started ********
14/02/2025 01:55:40 PM : root         : INFO     : open_portal_url_and_verify_expected_url_is_visible_verify_expected_page_title_is_visible_and_verify_face_first_logo_is_visible
14/02/2025 01:55:44 PM : root         : INFO     : actual url: https://ftecore5a-vm.qa.facefirst.dev/
14/02/2025 01:55:44 PM : root         : INFO     : expected Portal url: https://ftecore5a-vm.qa.facefirst.dev/
14/02/2025 01:55:45 PM : root         : ERROR    : screenshot file path: C:\Users\FFAzureAdmin\Desktop\8.1 Mudule Wise Automation\Final\Reports\Screenshots\TC_Portal_Login_01_exception.png
14/02/2025 01:55:46 PM : root         : INFO     : ********** TC_Portal_Login_02 started ********
14/02/2025 01:55:46 PM : root         : INFO     : verify_username_textbox_is_visible_and_clickable_username_label_on_it_is_visible
14/02/2025 01:55:46 PM : root         : ERROR    : Message: no such window: target window already closed
from unknown error: web view not found
  (Session info: chrome=132.0.6834.160)
Stacktrace:
	GetHandleVerifier [0x00007FF7004C02F5+28725]
	(No symbol) [0x00007FF700422AE0]
	(No symbol) [0x00007FF7002B510A]
	(No symbol) [0x00007FF70028EEA5]
	(No symbol) [0x00007FF700336F87]
	(No symbol) [0x00007FF70034FA52]
	(No symbol) [0x00007FF70032FD53]
	(No symbol) [0x00007FF7002FA0E3]
	(No symbol) [0x00007FF7002FB471]
	GetHandleVerifier [0x00007FF7007EF30D+3366989]
	GetHandleVerifier [0x00007FF7008012F0+3440688]
	GetHandleVerifier [0x00007FF7007F78FD+3401277]
	GetHandleVerifier [0x00007FF70058AAAB+858091]
	(No symbol) [0x00007FF70042E74F]
	(No symbol) [0x00007FF70042A304]
	(No symbol) [0x00007FF70042A49D]
	(No symbol) [0x00007FF700418B69]
	BaseThreadInitThunk [0x00007FFD9B764CB0+16]
	RtlUserThreadStart [0x00007FFD9CBBEDCB+43]

14/02/2025 01:55:46 PM : root         : INFO     :  ******** Portal_Menu (Order - 2) Begin ********
14/02/2025 01:55:46 PM : root         : INFO     : ********** TC_PM_1 started ********
